<?xml version="1.0" encoding="UTF-8"?>
<!-- Generated by org.testng.reporters.JUnitReportReporter -->
<testsuite hostname="DESKTOP-5E055O4" failures="0" tests="2" name="VijayaThota.VeevaAuto.LoginTest" time="27.997" errors="0" timestamp="2025-03-07T00:06:39 EST" skipped="0">
  <testcase classname="VijayaThota.VeevaAuto.LoginTest" name="testValidLogin" time="22.137"/>
  <system-out/>
  <testcase classname="VijayaThota.VeevaAuto.LoginTest" name="SwtichtoPopup" time="5.860"/>
  <system-out/>
</testsuite> <!-- VijayaThota.VeevaAuto.LoginTest -->
